{"total": {"lines":{"total":20,"covered":20,"skipped":0,"pct":100},"statements":{"total":20,"covered":20,"skipped":0,"pct":100},"functions":{"total":10,"covered":10,"skipped":0,"pct":100},"branches":{"total":60,"covered":15,"skipped":0,"pct":25},"branchesTrue":{"total":0,"covered":0,"skipped":0,"pct":"Unknown"}}
,"/home/runner/work/table-of-general-standard-chinese-characters/table-of-general-standard-chinese-characters/dist/characters.js": {"lines":{"total":4,"covered":4,"skipped":0,"pct":100},"functions":{"total":2,"covered":2,"skipped":0,"pct":100},"statements":{"total":4,"covered":4,"skipped":0,"pct":100},"branches":{"total":12,"covered":3,"skipped":0,"pct":25}}
,"/home/runner/work/table-of-general-standard-chinese-characters/table-of-general-standard-chinese-characters/dist/pinyin.duo.js": {"lines":{"total":4,"covered":4,"skipped":0,"pct":100},"functions":{"total":2,"covered":2,"skipped":0,"pct":100},"statements":{"total":4,"covered":4,"skipped":0,"pct":100},"branches":{"total":12,"covered":3,"skipped":0,"pct":25}}
,"/home/runner/work/table-of-general-standard-chinese-characters/table-of-general-standard-chinese-characters/dist/pinyin.js": {"lines":{"total":4,"covered":4,"skipped":0,"pct":100},"functions":{"total":2,"covered":2,"skipped":0,"pct":100},"statements":{"total":4,"covered":4,"skipped":0,"pct":100},"branches":{"total":12,"covered":3,"skipped":0,"pct":25}}
,"/home/runner/work/table-of-general-standard-chinese-characters/table-of-general-standard-chinese-characters/dist/pinyin.raw.js": {"lines":{"total":4,"covered":4,"skipped":0,"pct":100},"functions":{"total":2,"covered":2,"skipped":0,"pct":100},"statements":{"total":4,"covered":4,"skipped":0,"pct":100},"branches":{"total":12,"covered":3,"skipped":0,"pct":25}}
,"/home/runner/work/table-of-general-standard-chinese-characters/table-of-general-standard-chinese-characters/dist/togscc.js": {"lines":{"total":4,"covered":4,"skipped":0,"pct":100},"functions":{"total":2,"covered":2,"skipped":0,"pct":100},"statements":{"total":4,"covered":4,"skipped":0,"pct":100},"branches":{"total":12,"covered":3,"skipped":0,"pct":25}}
}
